	.text
ArrayRecord:
MOVE(
 TEMP ArrayRecord.1.a,
 ESEQ(
  MOVE(
   TEMP t.0,
   CALL(
    NAME malloc,
    CONST 0,
    CONST 160)),
  MOVE(
   TEMP t.2,
   CONST 10),
  MOVE(
   TEMP t.1,
   CONST 0),
  BGE(
   TEMP t.1,
   TEMP t.2,
   L.1, L.0),
  LABEL L.0,
  MOVE(
   TEMP t.3,
   ADD(
    TEMP t.0,
    MUL(
     TEMP t.1,
     CONST 16))),
  MOVE(
   MEM(
    TEMP t.3, 
    CONST 0, 8, true),
   CONST 0),
  MOVE(
   MEM(
    TEMP t.3, 
    CONST 8, 8, true),
   CONST 0),
  MOVE(
   TEMP t.1,
   ADD(
    TEMP t.1,
    CONST 1)),
  BLT(
   TEMP t.1,
   TEMP t.2,
   L.0, L.1),
  LABEL L.1,
  TEMP t.0))


