	.text
xc_LocalArrayMixed:
MOVE(
 TEMP xc_LocalArrayMixed.1.x,
 ESEQ(
  MOVE(
   TEMP t.0,
   CONST 10),
  BLT(
   TEMP t.0,
   CONST 0,
   xc_LocalArrayMixed.badSub, L.0),
  LABEL L.0,
  MOVE(
   TEMP t.1,
   TEMP t.0),
  MOVE(
   TEMP t.2,
   CONST 16),
  MOVE(
   TEMP t.2,
   ADD(
    TEMP t.2,
    MUL(
     TEMP t.1,
     CONST 40))),
  MOVE(
   TEMP t.3,
   CALL(
    NAME malloc,
    CONST 0,
    TEMP t.2)),
  MOVE(
   MEM(
    TEMP t.3, 
    CONST 0, 8, false),
   ADD(
    TEMP t.3,
    CONST 16)),
  MOVE(
   MEM(
    TEMP t.3, 
    CONST 8, 8, false),
   TEMP t.0),
  MOVE(
   TEMP t.5,
   CONST 5),
  MOVE(
   TEMP t.4,
   CONST 0),
  BGE(
   TEMP t.4,
   TEMP t.5,
   L.2, L.1),
  LABEL L.1,
  MOVE(
   MEM(
    ADD(
     TEMP t.3,
     MUL(
      TEMP t.4,
      CONST 8)), 
    CONST 0, 8, true),
   CONST 0),
  MOVE(
   TEMP t.4,
   ADD(
    TEMP t.4,
    CONST 1)),
  BLT(
   TEMP t.4,
   TEMP t.5,
   L.1, L.2),
  LABEL L.2,
  TEMP t.3))


