	.data
	.balign 8
xc_QueensOpen.Queens:
	.quad xc_QueensOpen.Init
	.quad xc_QueensOpen.Solve
	.text
xc_QueensOpen.Init:
MOVE(
 MEM(
  ESEQ(
   MOVE(
    TEMP t.0,
    TEMP xc_QueensOpen.Init.self),
   BEQ(
    TEMP t.0,
    CONST 0,
    xc_QueensOpen.Init.badPtr, L.1),
   LABEL L.1,
   TEMP t.0), 
  CONST 0, 8, false),
 ESEQ(
  MOVE(
   TEMP t.1,
   CONST 8),
  BLT(
   TEMP t.1,
   CONST 0,
   xc_QueensOpen.Init.badSub, L.2),
  LABEL L.2,
  MOVE(
   TEMP t.2,
   TEMP t.1),
  MOVE(
   TEMP t.3,
   CONST 16),
  MOVE(
   TEMP t.3,
   ADD(
    TEMP t.3,
    MUL(
     TEMP t.2,
     CONST 8))),
  MOVE(
   TEMP t.4,
   CALL(
    NAME malloc,
    CONST 0,
    TEMP t.3)),
  MOVE(
   MEM(
    TEMP t.4, 
    CONST 0, 8, false),
   ADD(
    TEMP t.4,
    CONST 16)),
  MOVE(
   MEM(
    TEMP t.4, 
    CONST 8, 8, false),
   TEMP t.1),
  MOVE(
   MEM(
    TEMP t.4, 
    CONST 0, 16, false),
   CONST 0),
  TEMP t.4)),
MOVE(
 MEM(
  ESEQ(
   MOVE(
    TEMP t.5,
    TEMP xc_QueensOpen.Init.self),
   BEQ(
    TEMP t.5,
    CONST 0,
    xc_QueensOpen.Init.badPtr, L.3),
   LABEL L.3,
   TEMP t.5), 
  CONST 8, 8, false),
 ESEQ(
  MOVE(
   TEMP t.6,
   CONST 8),
  BLT(
   TEMP t.6,
   CONST 0,
   xc_QueensOpen.Init.badSub, L.4),
  LABEL L.4,
  MOVE(
   TEMP t.7,
   TEMP t.6),
  MOVE(
   TEMP t.8,
   CONST 16),
  MOVE(
   TEMP t.8,
   ADD(
    TEMP t.8,
    MUL(
     TEMP t.7,
     CONST 8))),
  MOVE(
   TEMP t.9,
   CALL(
    NAME malloc,
    CONST 0,
    TEMP t.8)),
  MOVE(
   MEM(
    TEMP t.9, 
    CONST 0, 8, false),
   ADD(
    TEMP t.9,
    CONST 16)),
  MOVE(
   MEM(
    TEMP t.9, 
    CONST 8, 8, false),
   TEMP t.6),
  MOVE(
   MEM(
    TEMP t.9, 
    CONST 0, 16, false),
   CONST 0),
  TEMP t.9)),
MOVE(
 MEM(
  ESEQ(
   MOVE(
    TEMP t.10,
    TEMP xc_QueensOpen.Init.self),
   BEQ(
    TEMP t.10,
    CONST 0,
    xc_QueensOpen.Init.badPtr, L.5),
   LABEL L.5,
   TEMP t.10), 
  CONST 16, 8, false),
 ESEQ(
  MOVE(
   TEMP t.11,
   SUB(
    ADD(
     CONST 8,
     CONST 8),
    CONST 1)),
  BLT(
   TEMP t.11,
   CONST 0,
   xc_QueensOpen.Init.badSub, L.6),
  LABEL L.6,
  MOVE(
   TEMP t.12,
   TEMP t.11),
  MOVE(
   TEMP t.13,
   CONST 16),
  MOVE(
   TEMP t.13,
   ADD(
    TEMP t.13,
    MUL(
     TEMP t.12,
     CONST 8))),
  MOVE(
   TEMP t.14,
   CALL(
    NAME malloc,
    CONST 0,
    TEMP t.13)),
  MOVE(
   MEM(
    TEMP t.14, 
    CONST 0, 8, false),
   ADD(
    TEMP t.14,
    CONST 16)),
  MOVE(
   MEM(
    TEMP t.14, 
    CONST 8, 8, false),
   TEMP t.11),
  MOVE(
   MEM(
    TEMP t.14, 
    CONST 0, 16, false),
   CONST 0),
  TEMP t.14)),
MOVE(
 MEM(
  ESEQ(
   MOVE(
    TEMP t.15,
    TEMP xc_QueensOpen.Init.self),
   BEQ(
    TEMP t.15,
    CONST 0,
    xc_QueensOpen.Init.badPtr, L.7),
   LABEL L.7,
   TEMP t.15), 
  CONST 24, 8, false),
 ESEQ(
  MOVE(
   TEMP t.16,
   SUB(
    ADD(
     CONST 8,
     CONST 8),
    CONST 1)),
  BLT(
   TEMP t.16,
   CONST 0,
   xc_QueensOpen.Init.badSub, L.8),
  LABEL L.8,
  MOVE(
   TEMP t.17,
   TEMP t.16),
  MOVE(
   TEMP t.18,
   CONST 16),
  MOVE(
   TEMP t.18,
   ADD(
    TEMP t.18,
    MUL(
     TEMP t.17,
     CONST 8))),
  MOVE(
   TEMP t.19,
   CALL(
    NAME malloc,
    CONST 0,
    TEMP t.18)),
  MOVE(
   MEM(
    TEMP t.19, 
    CONST 0, 8, false),
   ADD(
    TEMP t.19,
    CONST 16)),
  MOVE(
   MEM(
    TEMP t.19, 
    CONST 8, 8, false),
   TEMP t.16),
  MOVE(
   MEM(
    TEMP t.19, 
    CONST 0, 16, false),
   CONST 0),
  TEMP t.19)),
MOVE(
 TEMP %rax,
 TEMP xc_QueensOpen.Init.self),
JUMP(
 NAME L.0),
LABEL L.0


